V???C@?G?_OGQ?AGC_?G_C_?AG?????????B~~~^~~|?
V????A?OC@K?GCE?B??K?@O?B??????????B~~~^~~|?
V????A?OC@GAK?I?B??K?@O?B??????????B~~~^~~|?
V????A?OC@E?K?B?@_AC??o?@O?????????B~~~^~~|?
V???C@?G?_OGOGGCB??OO@_?E??????????B~~~^~~|?
V????A?OC@GAK?K?@_?W??o?B??????????B~~~^~~|?
V????A?OD?CCS?CC@_?W??o?B??????????B~~~^~~|?
V??????oE?E?K?B?@_?E??g?@_?????????B~~~^~~|?
V????A?OC@GAK?K?@_?S?@O?B??????????B~~~^~~|?
V???C@?G?_OGOGI?@A?g?@_?AG?????????B~~~^~~|?
V???C@?G?_OGOGGCA@?W?A_?E??????????B~~~^~~|?
V??????_A?S?GCS?A@?W?A_?E??A??A????B~v~~}~~?
V???????E?W?K?K?@_?S??W?E??A??@????B~z~~~^~?
V??????_A?S?K?CCH??OO@_?E??A??A????B~v~~}~~?
V???????E?S?S?K?@_?W??o?B??@??@????B~z~~~^~?
V???????E?W?K?K?@_?W??o?B??@??@????B~z~~~^~?
V????A?O@?A?a?AGG_?G_G_?AG?_???G???B~n~~|~~?
V??????_A?OAW?GAB??g??o?K??C??A????B~v~~}~~?
V????A?O@?A?_GQ?@_?G_G_?AG?_???G???B~n~~|~~?
V????A?O@?A?_GOCD??OOD??CC?C??C????B~n~~|~~?
V??????_A?OAOAK?E??W?A_?E??A??A????B~v~~}~~?
V??????_A?OAK?I?A_?W?O_?AG?A??A????B~v~~}~~?
V??????_A?OAW?K?A@?W?A_?E??A??A????B~v~~}~~?
V??????_A?OAW?K?B??OO@_?E??A??A????B~v~~}~~?
V????A?O@?A?_GOCD??W?@_?AG?_???G???B~n~~|~~?
V????A?O@?A?_GOCC@?o?@_?GC?G??C????B~n~~|~~?
V????A?O@?A?_GOCC@?_GB??K??C??C????B~n~~|~~?
V????A?O@?A?_GOCC@?o?B??CC?C??C????B~n~~|~~?
V??????_A?OAOAK?D??g??o?K??C??A????B~v~~}~~?
V????A?O@?A?_GOCD??g?A_?AG?G???G???B~n~~|~~?
V??????_A?OAOAK?D??g?A_?E??A??A????B~v~~}~~?
V??????_A?OAW?GAB??o?@_?E??A??A????B~v~~}~~?
V????A?O@?A?_GOCC@?W?A_?S??C???G???B~n~~|~~?
V???C@?G?_@?@?_OGC@?_CA?K???G??C???B~^~~z~~?
V???C@?G?_@?@?_OGC@?_CA?GC?G???C???B~^~~z~~?
V???C@?G?_OGOGGCB??W?@_?AG?????????B~~~^~~|?
V??CA?_C?O?___OOCC?__AA?CC?????????B~~~^~~|?
